<?xml version="1.0" encoding="UTF-8"?>
<!-- Generated by org.testng.reporters.JUnitReportReporter -->
<testsuite hostname="UNVII" failures="0" tests="1" name="Amuzi.Footer" time="11.886" errors="0" timestamp="2025-08-11T16:39:33 IST" skipped="0">
  <testcase classname="Amuzi.Footer" name="footerTermsAndConditionsTest" time="11.886"/>
  <system-out/>
</testsuite> <!-- Amuzi.Footer -->
