<?xml version="1.0" encoding="UTF-8"?>
<!-- Generated by org.testng.reporters.JUnitReportReporter -->
<testsuite hostname="UNVII" failures="0" tests="1" name="Chull.TestCase" time="40.137" errors="0" timestamp="2025-07-29T12:55:52 IST" skipped="0">
  <testcase classname="Chull.TestCase" name="playVideoTest" time="40.137"/>
  <system-out/>
</testsuite> <!-- Chull.TestCase -->
