<?xml version="1.0" encoding="UTF-8"?>
<!-- Generated by org.testng.reporters.JUnitReportReporter -->
<testsuite hostname="UNVII" failures="0" tests="1" name="Amuzi.CommonTestCase" time="4.611" errors="0" timestamp="2025-08-12T16:32:36 IST" skipped="0">
  <testcase classname="Amuzi.CommonTestCase" name="verifyurl" time="4.611"/>
  <system-out/>
</testsuite> <!-- Amuzi.CommonTestCase -->
