<?xml version="1.0" encoding="UTF-8"?>
<!-- Generated by org.testng.reporters.JUnitReportReporter -->
<testsuite hostname="UNVII" failures="0" tests="1" name="Chull.TestCase" time="10.092" errors="0" timestamp="2025-07-04T15:22:25 IST" skipped="0">
  <testcase classname="Chull.TestCase" name="loginWithMailTest" time="10.092"/>
  <system-out/>
</testsuite> <!-- Chull.TestCase -->
