<?xml version="1.0" encoding="UTF-8"?>
<!-- Generated by org.testng.reporters.JUnitReportReporter -->
<testsuite hostname="UNVII" failures="0" tests="1" name="Chull.Testcase2" time="56.316" errors="0" timestamp="2025-07-08T17:00:51 IST" skipped="0">
  <testcase classname="Chull.Testcase2" name="checkrazorpayopen" time="56.316"/>
  <system-out/>
</testsuite> <!-- Chull.Testcase2 -->
