<?xml version="1.0" encoding="UTF-8"?>
<!-- Generated by org.testng.reporters.JUnitReportReporter -->
<testsuite hostname="UNVII" failures="0" tests="1" name="Chull.TestCase" time="24.246" errors="0" timestamp="2025-07-29T11:41:23 IST" skipped="0">
  <testcase classname="Chull.TestCase" name="searchVideoTest" time="24.246"/>
  <system-out/>
</testsuite> <!-- Chull.TestCase -->
