<?xml version="1.0" encoding="UTF-8"?>
<!-- Generated by org.testng.reporters.JUnitReportReporter -->
<testsuite hostname="UNVII" failures="0" tests="9" name="Chull.Testcase2" time="224.183" errors="0" timestamp="2025-07-29T11:26:21 IST" skipped="0">
  <testcase classname="Chull.Testcase2" name="clickwatchnow_userredirect_into_login" time="10.914"/>
  <testcase classname="Chull.Testcase2" name="checkrazorpayopen" time="42.442"/>
  <testcase classname="Chull.Testcase2" name="checkcouponprice" time="23.054"/>
  <testcase classname="Chull.Testcase2" name="Validate_No_Data_message_is_visible" time="23.407"/>
  <testcase classname="Chull.Testcase2" name="insidecouponpagebannerisvisible" time="46.038"/>
  <testcase classname="Chull.Testcase2" name="checkAlllanguageIsvisible" time="32.911"/>
  <testcase classname="Chull.Testcase2" name="checkNoofBannerpresendInHomepage" time="7.123"/>
  <testcase classname="Chull.Testcase2" name="checkAlllanguageIsvisible" time="13.934"/>
  <testcase classname="Chull.Testcase2" name="couponPercentage" time="24.360"/>
</testsuite> <!-- Chull.Testcase2 -->
