<?xml version="1.0" encoding="UTF-8"?>
<!-- Generated by org.testng.reporters.JUnitReportReporter -->
<testsuite hostname="UNVII" failures="0" tests="21" name="Chull.TestCase" time="311.098" errors="0" timestamp="2025-07-03T20:35:35 IST" skipped="0">
  <testcase classname="Chull.TestCase" name="wrongOtpLoginTest" time="10.657"/>
  <testcase classname="Chull.TestCase" name="withoutLoginSubscriptionButtonisVisible" time="4.362"/>
  <testcase classname="Chull.TestCase" name="loginWithMailTest" time="9.217"/>
  <testcase classname="Chull.TestCase" name="viewAllTest" time="18.308"/>
  <testcase classname="Chull.TestCase" name="loginWithPhoneNumber" time="13.013"/>
  <testcase classname="Chull.TestCase" name="updateProfileTest" time="17.431"/>
  <testcase classname="Chull.TestCase" name="footerTermsAndConditionsTest" time="9.489"/>
  <testcase classname="Chull.TestCase" name="countTotalVideosWithNames" time="4.945"/>
  <testcase classname="Chull.TestCase" name="searchVideoTest" time="23.310"/>
  <testcase classname="Chull.TestCase" name="filterValuesTest" time="23.982"/>
  <testcase classname="Chull.TestCase" name="verifyurl" time="3.416"/>
  <testcase classname="Chull.TestCase" name="logoutTest" time="16.922"/>
  <testcase classname="Chull.TestCase" name="checkTagname" time="3.739"/>
  <testcase classname="Chull.TestCase" name="verifyCurrentUrlTest" time="3.906"/>
  <testcase classname="Chull.TestCase" name="playVideoTest" time="17.799"/>
  <testcase classname="Chull.TestCase" name="verifyPopupIsVisibleuserBuysubscription" time="21.832"/>
  <testcase classname="Chull.TestCase" name="checkRelatedvideo" time="37.432"/>
  <testcase classname="Chull.TestCase" name="Banner_is_visible" time="22.551"/>
  <testcase classname="Chull.TestCase" name="subscription" time="14.634"/>
  <testcase classname="Chull.TestCase" name="check_SubscriptionisVisible" time="17.050"/>
  <testcase classname="Chull.TestCase" name="checkUserBuySubscription" time="17.103"/>
</testsuite> <!-- Chull.TestCase -->
