<?xml version="1.0" encoding="UTF-8"?>
<!-- Generated by org.testng.reporters.JUnitReportReporter -->
<testsuite hostname="UNVII" failures="0" tests="9" name="Chull.Testcase2" time="253.099" errors="0" timestamp="2025-07-29T12:50:27 IST" skipped="0">
  <testcase classname="Chull.Testcase2" name="checkcouponprice" time="23.007"/>
  <testcase classname="Chull.Testcase2" name="checkAlllanguageIsvisible" time="33.273"/>
  <testcase classname="Chull.Testcase2" name="checkrazorpayopen" time="43.904"/>
  <testcase classname="Chull.Testcase2" name="checkNoofBannerpresendInHomepage" time="6.067"/>
  <testcase classname="Chull.Testcase2" name="checkAlllanguageIsvisible" time="14.347"/>
  <testcase classname="Chull.Testcase2" name="couponPercentage" time="48.927"/>
  <testcase classname="Chull.Testcase2" name="Validate_No_Data_message_is_visible" time="24.297"/>
  <testcase classname="Chull.Testcase2" name="insidecouponpagebannerisvisible" time="18.573"/>
  <testcase classname="Chull.Testcase2" name="clickwatchnow_userredirect_into_login" time="40.704"/>
</testsuite> <!-- Chull.Testcase2 -->
