<?xml version="1.0" encoding="UTF-8"?>
<!-- Generated by org.testng.reporters.JUnitReportReporter -->
<testsuite hostname="UNVII" failures="0" tests="9" name="Chull.Testcase2" time="182.654" errors="0" timestamp="2025-08-04T18:29:13 IST" skipped="0">
  <testcase classname="Chull.Testcase2" name="couponPercentage" time="22.611"/>
  <testcase classname="Chull.Testcase2" name="checkAlllanguageIsvisible" time="15.230"/>
  <testcase classname="Chull.Testcase2" name="insidecouponpagebannerisvisible" time="17.673"/>
  <testcase classname="Chull.Testcase2" name="checkNoofBannerpresendInHomepage" time="8.584"/>
  <testcase classname="Chull.Testcase2" name="clickwatchnow_userredirect_into_login" time="14.702"/>
  <testcase classname="Chull.Testcase2" name="checkcouponprice" time="21.681"/>
  <testcase classname="Chull.Testcase2" name="checkrazorpayopen" time="42.926"/>
  <testcase classname="Chull.Testcase2" name="checkAlllanguageIsvisible" time="14.752"/>
  <testcase classname="Chull.Testcase2" name="Validate_No_Data_message_is_visible" time="24.495"/>
</testsuite> <!-- Chull.Testcase2 -->
