<?xml version="1.0" encoding="UTF-8"?>
<!-- Generated by org.testng.reporters.JUnitReportReporter -->
<testsuite hostname="UNVII" failures="0" tests="1" name="Amuzi.UpdateProfile" time="17.379" errors="0" timestamp="2025-08-12T16:31:18 IST" skipped="0">
  <testcase classname="Amuzi.UpdateProfile" name="updateProfileTest" time="17.379"/>
</testsuite> <!-- Amuzi.UpdateProfile -->
