<?xml version="1.0" encoding="UTF-8"?>
<!-- Generated by org.testng.reporters.JUnitReportReporter -->
<testsuite hostname="UNVII" failures="0" tests="1" name="Amuzi.ViewAllTestCase" time="22.221" errors="0" timestamp="2025-08-12T16:31:18 IST" skipped="0">
  <testcase classname="Amuzi.ViewAllTestCase" name="viewAllTest" time="22.221"/>
</testsuite> <!-- Amuzi.ViewAllTestCase -->
