<?xml version="1.0" encoding="UTF-8"?>
<!-- Generated by org.testng.reporters.JUnitReportReporter -->
<testsuite hostname="UNVII" failures="0" tests="4" name="Chull.Testcase2" time="95.119" errors="0" timestamp="2025-07-09T18:16:30 IST" skipped="0">
  <testcase classname="Chull.Testcase2" name="couponPercentage" time="22.495"/>
  <testcase classname="Chull.Testcase2" name="Validate_No_Data_message_is_visible" time="24.628"/>
  <testcase classname="Chull.Testcase2" name="checkcouponprice" time="22.062"/>
  <testcase classname="Chull.Testcase2" name="checkrazorpayopen" time="25.934"/>
</testsuite> <!-- Chull.Testcase2 -->
