<?xml version="1.0" encoding="UTF-8"?>
<!-- Generated by org.testng.reporters.JUnitReportReporter -->
<testsuite hostname="UNVII" failures="0" tests="3" name="Amuzi.Footer" time="49.352" errors="0" timestamp="2025-08-12T16:31:18 IST" skipped="0">
  <testcase classname="Amuzi.Footer" name="footerTermsAndConditionsTest" time="10.306"/>
  <testcase classname="Amuzi.Footer" name="ApplestoreButtonTest" time="19.619"/>
  <testcase classname="Amuzi.Footer" name="playstore" time="19.427"/>
</testsuite> <!-- Amuzi.Footer -->
