<?xml version="1.0" encoding="UTF-8"?>
<!-- Generated by org.testng.reporters.JUnitReportReporter -->
<testsuite hostname="UNVII" failures="1" tests="23" name="Chull.TestCase" time="562.352" errors="0" timestamp="2025-08-04T18:29:13 IST" skipped="0">
  <testcase classname="Chull.TestCase" name="filterValuesTest" time="30.342"/>
  <testcase classname="Chull.TestCase" name="loginWithMailTest" time="17.403"/>
  <testcase classname="Chull.TestCase" name="loginWithPhoneNumber" time="18.724"/>
  <testcase classname="Chull.TestCase" name="verifyurl" time="32.925">
    <failure message="Passed expected [https://chull.tv/] but found [https://chull.tv/home/dj-duvvada-jagannadham/MjU2LTEtMS0w]" type="java.lang.AssertionError">
      <![CDATA[java.lang.AssertionError: Passed expected [https://chull.tv/] but found [https://chull.tv/home/dj-duvvada-jagannadham/MjU2LTEtMS0w]
at org.testng.Assert.fail(Assert.java:111)
at org.testng.Assert.failNotEquals(Assert.java:1590)
at org.testng.Assert.assertEqualsImpl(Assert.java:150)
at org.testng.Assert.assertEquals(Assert.java:132)
at org.testng.Assert.assertEquals(Assert.java:656)
at Chull.TestCase.verifyurl(TestCase.java:920)
at java.base/jdk.internal.reflect.DirectMethodHandleAccessor.invoke(DirectMethodHandleAccessor.java:103)
at java.base/java.lang.reflect.Method.invoke(Method.java:580)
at org.testng.internal.invokers.MethodInvocationHelper.invokeMethod(MethodInvocationHelper.java:141)
at org.testng.internal.invokers.TestInvoker.invokeMethod(TestInvoker.java:687)
at org.testng.internal.invokers.TestInvoker.invokeTestMethod(TestInvoker.java:230)
at org.testng.internal.invokers.MethodRunner.runInSequence(MethodRunner.java:63)
at org.testng.internal.invokers.TestInvoker$MethodInvocationAgent.invoke(TestInvoker.java:995)
at org.testng.internal.invokers.TestInvoker.invokeTestMethods(TestInvoker.java:203)
at org.testng.internal.invokers.TestMethodWorker.invokeTestMethods(TestMethodWorker.java:154)
at org.testng.internal.invokers.TestMethodWorker.run(TestMethodWorker.java:134)
at java.base/java.util.concurrent.Executors$RunnableAdapter.call(Executors.java:572)
at java.base/java.util.concurrent.FutureTask.run(FutureTask.java:317)
at org.testng.internal.thread.graph.TestNGFutureTask.run(TestNGFutureTask.java:22)
at java.base/java.util.concurrent.ThreadPoolExecutor.runWorker(ThreadPoolExecutor.java:1144)
at java.base/java.util.concurrent.ThreadPoolExecutor$Worker.run(ThreadPoolExecutor.java:642)
at java.base/java.lang.Thread.run(Thread.java:1575)
]]>
    </failure>
  </testcase> <!-- verifyurl -->
  <testcase classname="Chull.TestCase" name="ApplestoreButtonTest" time="48.708"/>
  <testcase classname="Chull.TestCase" name="footerTermsAndConditionsTest" time="15.546"/>
  <testcase classname="Chull.TestCase" name="searchVideoTest" time="28.351"/>
  <testcase classname="Chull.TestCase" name="viewAllTest" time="26.439"/>
  <testcase classname="Chull.TestCase" name="checkTagname" time="3.823"/>
  <testcase classname="Chull.TestCase" name="checkRelatedvideo" time="54.540"/>
  <testcase classname="Chull.TestCase" name="subscription" time="19.606"/>
  <testcase classname="Chull.TestCase" name="withoutLoginSubscriptionButtonisVisible" time="34.620"/>
  <testcase classname="Chull.TestCase" name="updateProfileTest" time="24.340"/>
  <testcase classname="Chull.TestCase" name="playVideoTest" time="45.656"/>
  <testcase classname="Chull.TestCase" name="checkUserBuySubscription" time="17.814"/>
  <testcase classname="Chull.TestCase" name="verifyPopupIsVisibleuserBuysubscription" time="22.919"/>
  <testcase classname="Chull.TestCase" name="countTotalVideosWithNames" time="7.065"/>
  <testcase classname="Chull.TestCase" name="Banner_is_visible" time="28.135"/>
  <testcase classname="Chull.TestCase" name="playstore" time="20.167"/>
  <testcase classname="Chull.TestCase" name="verifyCurrentUrlTest" time="7.807"/>
  <testcase classname="Chull.TestCase" name="wrongOtpLoginTest" time="15.987"/>
  <testcase classname="Chull.TestCase" name="logoutTest" time="21.915"/>
  <testcase classname="Chull.TestCase" name="check_SubscriptionisVisible" time="19.520"/>
</testsuite> <!-- Chull.TestCase -->
